  Time.cpp
d:\classworkstuff\c++homeworks\homeworkseven\ex7-2\time.cpp(34): error C2059: syntax error: ')'
d:\classworkstuff\c++homeworks\homeworkseven\ex7-2\time.cpp(35): error C2297: '<<': illegal, right operand has type 'const char [2]'
d:\classworkstuff\c++homeworks\homeworkseven\ex7-2\time.cpp(35): error C2784: 'std::basic_ostream<_Elem,_Traits> &std::operator <<(std::basic_ostream<_Elem,_Traits> &,const std::_Smanip<_Arg> &)': could not deduce template argument for 'std::basic_ostream<_Elem,_Traits> &' from 'unsigned int'
  d:\softwarefolder\vscommunity2017\vc\tools\msvc\14.12.25827\include\iomanip(536): note: see declaration of 'std::operator <<'
d:\classworkstuff\c++homeworks\homeworkseven\ex7-2\time.cpp(35): error C2784: 'std::basic_ostream<_Elem,_Traits> &std::operator <<(std::basic_ostream<_Elem,_Traits> &,const std::_Quote_in<_Elem,_Traits,_Alloc> &)': could not deduce template argument for 'std::basic_ostream<_Elem,_Traits> &' from 'unsigned int'
  d:\softwarefolder\vscommunity2017\vc\tools\msvc\14.12.25827\include\iomanip(431): note: see declaration of 'std::operator <<'
d:\classworkstuff\c++homeworks\homeworkseven\ex7-2\time.cpp(35): error C2784: 'std::basic_ostream<_Elem,_Traits> &std::operator <<(std::basic_ostream<_Elem,_Traits> &,const std::_Quote_out<_Elem,_QuTraits,_Sizet> &)': could not deduce template argument for 'std::basic_ostream<_Elem,_Traits> &' from 'unsigned int'
  d:\softwarefolder\vscommunity2017\vc\tools\msvc\14.12.25827\include\iomanip(347): note: see declaration of 'std::operator <<'
d:\classworkstuff\c++homeworks\homeworkseven\ex7-2\time.cpp(35): error C2784: 'std::basic_ostream<_Elem,_Traits> &std::operator <<(std::basic_ostream<_Elem,_Traits> &,const std::_Timeobj<_Elem2,const tm*> &)': could not deduce template argument for 'std::basic_ostream<_Elem,_Traits> &' from 'unsigned int'
  d:\softwarefolder\vscommunity2017\vc\tools\msvc\14.12.25827\include\iomanip(221): note: see declaration of 'std::operator <<'
d:\classworkstuff\c++homeworks\homeworkseven\ex7-2\time.cpp(35): error C2784: 'std::basic_ostream<_Elem,_Traits> &std::operator <<(std::basic_ostream<_Elem,_Traits> &,const std::_Monobj<_Money> &)': could not deduce template argument for 'std::basic_ostream<_Elem,_Traits> &' from 'unsigned int'
  d:\softwarefolder\vscommunity2017\vc\tools\msvc\14.12.25827\include\iomanip(130): note: see declaration of 'std::operator <<'
d:\classworkstuff\c++homeworks\homeworkseven\ex7-2\time.cpp(35): error C2784: 'std::basic_ostream<_Elem,_Traits> &std::operator <<(std::basic_ostream<_Elem,_Traits> &,const std::_Fillobj<_Elem2> &)': could not deduce template argument for 'std::basic_ostream<_Elem,_Traits> &' from 'unsigned int'
  d:\softwarefolder\vscommunity2017\vc\tools\msvc\14.12.25827\include\iomanip(57): note: see declaration of 'std::operator <<'
d:\classworkstuff\c++homeworks\homeworkseven\ex7-2\time.cpp(35): error C2784: 'std::basic_ostream<_Elem,_Traits> &std::operator <<(std::basic_ostream<_Elem,_Traits> &,const std::error_code &)': could not deduce template argument for 'std::basic_ostream<_Elem,_Traits> &' from 'unsigned int'
  d:\softwarefolder\vscommunity2017\vc\tools\msvc\14.12.25827\include\ostream(1009): note: see declaration of 'std::operator <<'
d:\classworkstuff\c++homeworks\homeworkseven\ex7-2\time.cpp(35): error C2784: 'std::basic_ostream<_Elem,_Traits> &std::operator <<(std::basic_ostream<_Elem,_Traits> &&,const _Ty &)': could not deduce template argument for 'std::basic_ostream<_Elem,_Traits> &&' from 'unsigned int'
  d:\softwarefolder\vscommunity2017\vc\tools\msvc\14.12.25827\include\ostream(971): note: see declaration of 'std::operator <<'
d:\classworkstuff\c++homeworks\homeworkseven\ex7-2\time.cpp(35): error C2784: 'std::basic_ostream<char,_Traits> &std::operator <<(std::basic_ostream<char,_Traits> &,unsigned char)': could not deduce template argument for 'std::basic_ostream<char,_Traits> &' from 'unsigned int'
  d:\softwarefolder\vscommunity2017\vc\tools\msvc\14.12.25827\include\ostream(961): note: see declaration of 'std::operator <<'
d:\classworkstuff\c++homeworks\homeworkseven\ex7-2\time.cpp(35): error C2784: 'std::basic_ostream<char,_Traits> &std::operator <<(std::basic_ostream<char,_Traits> &,const unsigned char *)': could not deduce template argument for 'std::basic_ostream<char,_Traits> &' from 'unsigned int'
  d:\softwarefolder\vscommunity2017\vc\tools\msvc\14.12.25827\include\ostream(954): note: see declaration of 'std::operator <<'
d:\classworkstuff\c++homeworks\homeworkseven\ex7-2\time.cpp(35): error C2784: 'std::basic_ostream<char,_Traits> &std::operator <<(std::basic_ostream<char,_Traits> &,signed char)': could not deduce template argument for 'std::basic_ostream<char,_Traits> &' from 'unsigned int'
  d:\softwarefolder\vscommunity2017\vc\tools\msvc\14.12.25827\include\ostream(947): note: see declaration of 'std::operator <<'
d:\classworkstuff\c++homeworks\homeworkseven\ex7-2\time.cpp(35): error C2784: 'std::basic_ostream<char,_Traits> &std::operator <<(std::basic_ostream<char,_Traits> &,const signed char *)': could not deduce template argument for 'std::basic_ostream<char,_Traits> &' from 'unsigned int'
  d:\softwarefolder\vscommunity2017\vc\tools\msvc\14.12.25827\include\ostream(940): note: see declaration of 'std::operator <<'
d:\classworkstuff\c++homeworks\homeworkseven\ex7-2\time.cpp(35): error C2784: 'std::basic_ostream<_Elem,_Traits> &std::operator <<(std::basic_ostream<_Elem,_Traits> &,_Elem)': could not deduce template argument for 'std::basic_ostream<_Elem,_Traits> &' from 'unsigned int'
  d:\softwarefolder\vscommunity2017\vc\tools\msvc\14.12.25827\include\ostream(901): note: see declaration of 'std::operator <<'
d:\classworkstuff\c++homeworks\homeworkseven\ex7-2\time.cpp(35): error C2784: 'std::basic_ostream<_Elem,_Traits> &std::operator <<(std::basic_ostream<_Elem,_Traits> &,const _Elem *)': could not deduce template argument for 'std::basic_ostream<_Elem,_Traits> &' from 'unsigned int'
  d:\softwarefolder\vscommunity2017\vc\tools\msvc\14.12.25827\include\ostream(854): note: see declaration of 'std::operator <<'
d:\classworkstuff\c++homeworks\homeworkseven\ex7-2\time.cpp(35): error C2784: 'std::basic_ostream<char,_Traits> &std::operator <<(std::basic_ostream<char,_Traits> &,char)': could not deduce template argument for 'std::basic_ostream<char,_Traits> &' from 'unsigned int'
  d:\softwarefolder\vscommunity2017\vc\tools\msvc\14.12.25827\include\ostream(814): note: see declaration of 'std::operator <<'
d:\classworkstuff\c++homeworks\homeworkseven\ex7-2\time.cpp(35): error C2784: 'std::basic_ostream<char,_Traits> &std::operator <<(std::basic_ostream<char,_Traits> &,const char *)': could not deduce template argument for 'std::basic_ostream<char,_Traits> &' from 'unsigned int'
  d:\softwarefolder\vscommunity2017\vc\tools\msvc\14.12.25827\include\ostream(767): note: see declaration of 'std::operator <<'
d:\classworkstuff\c++homeworks\homeworkseven\ex7-2\time.cpp(35): error C2784: 'std::basic_ostream<_Elem,_Traits> &std::operator <<(std::basic_ostream<_Elem,_Traits> &,char)': could not deduce template argument for 'std::basic_ostream<_Elem,_Traits> &' from 'unsigned int'
  d:\softwarefolder\vscommunity2017\vc\tools\msvc\14.12.25827\include\ostream(729): note: see declaration of 'std::operator <<'
d:\classworkstuff\c++homeworks\homeworkseven\ex7-2\time.cpp(35): error C2784: 'std::basic_ostream<_Elem,_Traits> &std::operator <<(std::basic_ostream<_Elem,_Traits> &,const char *)': could not deduce template argument for 'std::basic_ostream<_Elem,_Traits> &' from 'unsigned int'
  d:\softwarefolder\vscommunity2017\vc\tools\msvc\14.12.25827\include\ostream(682): note: see declaration of 'std::operator <<'
d:\classworkstuff\c++homeworks\homeworkseven\ex7-2\time.cpp(35): error C2677: binary '<<': no global operator found which takes type 'std::_Fillobj<char>' (or there is no acceptable conversion)
d:\classworkstuff\c++homeworks\homeworkseven\ex7-2\time.cpp(35): error C2059: syntax error: ';'
d:\classworkstuff\c++homeworks\homeworkseven\ex7-2\time.cpp(35): error C2059: syntax error: ')'
  Source.cpp
  Generating Code...
